2024-10-15 10:55:45.622 [info] [main] Log level: Info
2024-10-15 10:55:45.622 [info] [main] Validating found git in: "git"
2024-10-15 10:55:45.622 [info] [main] Using git "2.43.0" from "git"
2024-10-15 10:55:45.622 [info] [Model][doInitialScan] Initial repository scan started
2024-10-15 10:55:45.622 [info] > git rev-parse --show-toplevel [7ms]
2024-10-15 10:55:45.622 [info] fatal: not a git repository (or any of the parent directories): .git
2024-10-15 10:55:45.622 [info] > git rev-parse --show-toplevel [6ms]
2024-10-15 10:55:45.622 [info] fatal: not a git repository (or any of the parent directories): .git
2024-10-15 10:55:45.622 [info] [Model][doInitialScan] Initial repository scan completed - repositories (0), closed repositories (0), parent repositories (0), unsafe repositories (0)
2024-10-15 10:55:45.742 [info] > git rev-parse --show-toplevel [1ms]
2024-10-15 10:55:45.742 [info] fatal: not a git repository (or any of the parent directories): .git
2024-10-15 10:55:58.198 [info] > git rev-parse --show-toplevel [0ms]
2024-10-15 10:55:58.198 [info] fatal: not a git repository (or any of the parent directories): .git
2024-10-15 10:55:59.036 [info] > git rev-parse --show-toplevel [0ms]
2024-10-15 10:55:59.036 [info] fatal: not a git repository (or any of the parent directories): .git
2024-10-15 10:56:14.672 [info] > git rev-parse --show-toplevel [1ms]
2024-10-15 10:56:14.672 [info] fatal: not a git repository (or any of the parent directories): .git
2024-10-15 10:56:33.865 [info] > git rev-parse --show-toplevel [9ms]
2024-10-15 10:56:33.866 [info] fatal: not a git repository (or any of the parent directories): .git
2024-10-15 10:59:01.730 [info] > git rev-parse --show-toplevel [1ms]
2024-10-15 10:59:01.730 [info] fatal: not a git repository (or any of the parent directories): .git
2024-10-15 10:59:21.775 [info] > git rev-parse --show-toplevel [0ms]
2024-10-15 10:59:21.775 [info] fatal: not a git repository (or any of the parent directories): .git
2024-10-15 11:00:30.142 [info] > git rev-parse --show-toplevel [1ms]
2024-10-15 11:00:30.142 [info] fatal: not a git repository (or any of the parent directories): .git
2024-10-15 11:02:17.734 [info] > git rev-parse --show-toplevel [1ms]
2024-10-15 11:02:17.734 [info] fatal: not a git repository (or any of the parent directories): .git
